2025-01-09 19:16:36
Full thread dump OpenJDK 64-Bit Server VM (21.0.5+11-Ubuntu-1ubuntu122.04 mixed mode, sharing):

Threads class SMR info:
_java_thread_list=0x00007854080028f0, length=17, elements={
0x00007854d014dd30, 0x00007854d014f3b0, 0x00007854d0150b40, 0x00007854d0152170,
0x00007854d0153700, 0x00007854d0155230, 0x00007854d01568e0, 0x00007854d017a740,
0x00007854d017d620, 0x00007854d0402c50, 0x00007854d05135f0, 0x00007854d064f7e0,
0x0000785408065d30, 0x00007854082c9810, 0x00007854d064bd20, 0x00007854d0018fc0,
0x000078543c000fe0
}

"Reference Handler" #9 [177769] daemon prio=10 os_prio=0 cpu=1.63ms elapsed=454.85s tid=0x00007854d014dd30 nid=177769 waiting on condition  [0x00007854b43b8000]
   java.lang.Thread.State: RUNNABLE
	at java.lang.ref.Reference.waitForReferencePendingList(java.base@21.0.5/Native Method)
	at java.lang.ref.Reference.processPendingReferences(java.base@21.0.5/Reference.java:246)
	at java.lang.ref.Reference$ReferenceHandler.run(java.base@21.0.5/Reference.java:208)

   Locked ownable synchronizers:
	- None

"Finalizer" #10 [177770] daemon prio=8 os_prio=0 cpu=0.21ms elapsed=454.85s tid=0x00007854d014f3b0 nid=177770 in Object.wait()  [0x00007854b42b7000]
   java.lang.Thread.State: WAITING (on object monitor)
	at java.lang.Object.wait0(java.base@21.0.5/Native Method)
	- waiting on <0x00000007070000f0> (a java.lang.ref.NativeReferenceQueue$Lock)
	at java.lang.Object.wait(java.base@21.0.5/Object.java:366)
	at java.lang.Object.wait(java.base@21.0.5/Object.java:339)
	at java.lang.ref.NativeReferenceQueue.await(java.base@21.0.5/NativeReferenceQueue.java:48)
	at java.lang.ref.ReferenceQueue.remove0(java.base@21.0.5/ReferenceQueue.java:158)
	at java.lang.ref.NativeReferenceQueue.remove(java.base@21.0.5/NativeReferenceQueue.java:89)
	- locked <0x00000007070000f0> (a java.lang.ref.NativeReferenceQueue$Lock)
	at java.lang.ref.Finalizer$FinalizerThread.run(java.base@21.0.5/Finalizer.java:173)

   Locked ownable synchronizers:
	- None

"Signal Dispatcher" #11 [177771] daemon prio=9 os_prio=0 cpu=0.30ms elapsed=454.85s tid=0x00007854d0150b40 nid=177771 waiting on condition  [0x0000000000000000]
   java.lang.Thread.State: RUNNABLE

   Locked ownable synchronizers:
	- None

"Service Thread" #12 [177772] daemon prio=9 os_prio=0 cpu=0.93ms elapsed=454.85s tid=0x00007854d0152170 nid=177772 runnable  [0x0000000000000000]
   java.lang.Thread.State: RUNNABLE

   Locked ownable synchronizers:
	- None

"Monitor Deflation Thread" #13 [177773] daemon prio=9 os_prio=0 cpu=64.42ms elapsed=454.85s tid=0x00007854d0153700 nid=177773 runnable  [0x0000000000000000]
   java.lang.Thread.State: RUNNABLE

   Locked ownable synchronizers:
	- None

"C2 CompilerThread0" #14 [177774] daemon prio=9 os_prio=0 cpu=1587.39ms elapsed=454.85s tid=0x00007854d0155230 nid=177774 waiting on condition  [0x0000000000000000]
   java.lang.Thread.State: RUNNABLE
   No compile task

   Locked ownable synchronizers:
	- None

"C1 CompilerThread0" #16 [177775] daemon prio=9 os_prio=0 cpu=1081.15ms elapsed=454.85s tid=0x00007854d01568e0 nid=177775 waiting on condition  [0x0000000000000000]
   java.lang.Thread.State: RUNNABLE
   No compile task

   Locked ownable synchronizers:
	- None

"Notification Thread" #17 [177776] daemon prio=9 os_prio=0 cpu=0.08ms elapsed=454.85s tid=0x00007854d017a740 nid=177776 runnable  [0x0000000000000000]
   java.lang.Thread.State: RUNNABLE

   Locked ownable synchronizers:
	- None

"Common-Cleaner" #18 [177777] daemon prio=8 os_prio=0 cpu=2.24ms elapsed=454.85s tid=0x00007854d017d620 nid=177777 waiting on condition  [0x00007854a5729000]
   java.lang.Thread.State: TIMED_WAITING (parking)
	at jdk.internal.misc.Unsafe.park(java.base@21.0.5/Native Method)
	- parking to wait for  <0x0000000707000470> (a java.util.concurrent.locks.AbstractQueuedSynchronizer$ConditionObject)
	at java.util.concurrent.locks.LockSupport.parkNanos(java.base@21.0.5/LockSupport.java:269)
	at java.util.concurrent.locks.AbstractQueuedSynchronizer$ConditionObject.await(java.base@21.0.5/AbstractQueuedSynchronizer.java:1852)
	at java.lang.ref.ReferenceQueue.await(java.base@21.0.5/ReferenceQueue.java:71)
	at java.lang.ref.ReferenceQueue.remove0(java.base@21.0.5/ReferenceQueue.java:143)
	at java.lang.ref.ReferenceQueue.remove(java.base@21.0.5/ReferenceQueue.java:218)
	at jdk.internal.ref.CleanerImpl.run(java.base@21.0.5/CleanerImpl.java:140)
	at java.lang.Thread.runWith(java.base@21.0.5/Thread.java:1596)
	at java.lang.Thread.run(java.base@21.0.5/Thread.java:1583)
	at jdk.internal.misc.InnocuousThread.run(java.base@21.0.5/InnocuousThread.java:186)

   Locked ownable synchronizers:
	- None

"vertx-blocked-thread-checker" #24 [177783] daemon prio=5 os_prio=0 cpu=44.39ms elapsed=454.34s tid=0x00007854d0402c50 nid=177783 in Object.wait()  [0x00007854a5123000]
   java.lang.Thread.State: TIMED_WAITING (on object monitor)
	at java.lang.Object.wait0(java.base@21.0.5/Native Method)
	- waiting on <no object reference available>
	at java.lang.Object.wait(java.base@21.0.5/Object.java:366)
	at java.util.TimerThread.mainLoop(java.base@21.0.5/Timer.java:563)
	- locked <0x0000000707000590> (a java.util.TaskQueue)
	at java.util.TimerThread.run(java.base@21.0.5/Timer.java:516)

   Locked ownable synchronizers:
	- None

"vert.x-eventloop-thread-0" #26 [177784] prio=5 os_prio=0 cpu=91.40ms elapsed=454.23s tid=0x00007854d05135f0 nid=177784 runnable  [0x00007854a5022000]
   java.lang.Thread.State: RUNNABLE
	at sun.nio.ch.EPoll.wait(java.base@21.0.5/Native Method)
	at sun.nio.ch.EPollSelectorImpl.doSelect(java.base@21.0.5/EPollSelectorImpl.java:121)
	at sun.nio.ch.SelectorImpl.lockAndDoSelect(java.base@21.0.5/SelectorImpl.java:130)
	- locked <0x0000000707000ee8> (a io.netty.channel.nio.SelectedSelectionKeySet)
	- locked <0x0000000707000e98> (a sun.nio.ch.EPollSelectorImpl)
	at sun.nio.ch.SelectorImpl.select(java.base@21.0.5/SelectorImpl.java:142)
	at io.netty.channel.nio.SelectedSelectionKeySetSelector.select(SelectedSelectionKeySetSelector.java:62)
	at io.netty.channel.nio.NioEventLoop.select(NioEventLoop.java:883)
	at io.netty.channel.nio.NioEventLoop.run(NioEventLoop.java:526)
	at io.netty.util.concurrent.SingleThreadEventExecutor$4.run(SingleThreadEventExecutor.java:997)
	at io.netty.util.internal.ThreadExecutorMap$2.run(ThreadExecutorMap.java:74)
	at io.netty.util.concurrent.FastThreadLocalRunnable.run(FastThreadLocalRunnable.java:30)
	at java.lang.Thread.runWith(java.base@21.0.5/Thread.java:1596)
	at java.lang.Thread.run(java.base@21.0.5/Thread.java:1583)

   Locked ownable synchronizers:
	- None

"parallel-1" #28 [177786] daemon prio=5 os_prio=0 cpu=229.70ms elapsed=454.12s tid=0x00007854d064f7e0 nid=177786 waiting on condition  [0x00007854a4f21000]
   java.lang.Thread.State: WAITING (parking)
	at jdk.internal.misc.Unsafe.park(java.base@21.0.5/Native Method)
	- parking to wait for  <0x00000007070006f8> (a java.util.concurrent.locks.AbstractQueuedSynchronizer$ConditionObject)
	at java.util.concurrent.locks.LockSupport.park(java.base@21.0.5/LockSupport.java:371)
	at java.util.concurrent.locks.AbstractQueuedSynchronizer$ConditionNode.block(java.base@21.0.5/AbstractQueuedSynchronizer.java:519)
	at java.util.concurrent.ForkJoinPool.unmanagedBlock(java.base@21.0.5/ForkJoinPool.java:3780)
	at java.util.concurrent.ForkJoinPool.managedBlock(java.base@21.0.5/ForkJoinPool.java:3725)
	at java.util.concurrent.locks.AbstractQueuedSynchronizer$ConditionObject.await(java.base@21.0.5/AbstractQueuedSynchronizer.java:1712)
	at java.util.concurrent.ScheduledThreadPoolExecutor$DelayedWorkQueue.take(java.base@21.0.5/ScheduledThreadPoolExecutor.java:1170)
	at java.util.concurrent.ScheduledThreadPoolExecutor$DelayedWorkQueue.take(java.base@21.0.5/ScheduledThreadPoolExecutor.java:899)
	at java.util.concurrent.ThreadPoolExecutor.getTask(java.base@21.0.5/ThreadPoolExecutor.java:1070)
	at java.util.concurrent.ThreadPoolExecutor.runWorker(java.base@21.0.5/ThreadPoolExecutor.java:1130)
	at java.util.concurrent.ThreadPoolExecutor$Worker.run(java.base@21.0.5/ThreadPoolExecutor.java:642)
	at java.lang.Thread.runWith(java.base@21.0.5/Thread.java:1596)
	at java.lang.Thread.run(java.base@21.0.5/Thread.java:1583)

   Locked ownable synchronizers:
	- None

"vert.x-eventloop-thread-1" #35 [177791] prio=5 os_prio=0 cpu=166.64ms elapsed=453.83s tid=0x0000785408065d30 nid=177791 runnable  [0x00007854a4a1c000]
   java.lang.Thread.State: RUNNABLE
	at sun.nio.ch.EPoll.wait(java.base@21.0.5/Native Method)
	at sun.nio.ch.EPollSelectorImpl.doSelect(java.base@21.0.5/EPollSelectorImpl.java:121)
	at sun.nio.ch.SelectorImpl.lockAndDoSelect(java.base@21.0.5/SelectorImpl.java:130)
	- locked <0x0000000707014640> (a io.netty.channel.nio.SelectedSelectionKeySet)
	- locked <0x0000000707014248> (a sun.nio.ch.EPollSelectorImpl)
	at sun.nio.ch.SelectorImpl.select(java.base@21.0.5/SelectorImpl.java:147)
	at io.netty.channel.nio.SelectedSelectionKeySetSelector.select(SelectedSelectionKeySetSelector.java:68)
	at io.netty.channel.nio.NioEventLoop.select(NioEventLoop.java:879)
	at io.netty.channel.nio.NioEventLoop.run(NioEventLoop.java:526)
	at io.netty.util.concurrent.SingleThreadEventExecutor$4.run(SingleThreadEventExecutor.java:997)
	at io.netty.util.internal.ThreadExecutorMap$2.run(ThreadExecutorMap.java:74)
	at io.netty.util.concurrent.FastThreadLocalRunnable.run(FastThreadLocalRunnable.java:30)
	at java.lang.Thread.runWith(java.base@21.0.5/Thread.java:1596)
	at java.lang.Thread.run(java.base@21.0.5/Thread.java:1583)

   Locked ownable synchronizers:
	- None

"VirtualThread-unparker" #36 [177792] daemon prio=5 os_prio=0 cpu=0.34ms elapsed=453.57s tid=0x00007854082c9810 nid=177792 waiting on condition  [0x00007854a451a000]
   java.lang.Thread.State: WAITING (parking)
	at jdk.internal.misc.Unsafe.park(java.base@21.0.5/Native Method)
	- parking to wait for  <0x00000007070b0328> (a java.util.concurrent.locks.AbstractQueuedSynchronizer$ConditionObject)
	at java.util.concurrent.locks.LockSupport.park(java.base@21.0.5/LockSupport.java:371)
	at java.util.concurrent.locks.AbstractQueuedSynchronizer$ConditionNode.block(java.base@21.0.5/AbstractQueuedSynchronizer.java:519)
	at java.util.concurrent.ForkJoinPool.unmanagedBlock(java.base@21.0.5/ForkJoinPool.java:3780)
	at java.util.concurrent.ForkJoinPool.managedBlock(java.base@21.0.5/ForkJoinPool.java:3725)
	at java.util.concurrent.locks.AbstractQueuedSynchronizer$ConditionObject.await(java.base@21.0.5/AbstractQueuedSynchronizer.java:1712)
	at java.util.concurrent.ScheduledThreadPoolExecutor$DelayedWorkQueue.take(java.base@21.0.5/ScheduledThreadPoolExecutor.java:1170)
	at java.util.concurrent.ScheduledThreadPoolExecutor$DelayedWorkQueue.take(java.base@21.0.5/ScheduledThreadPoolExecutor.java:899)
	at java.util.concurrent.ThreadPoolExecutor.getTask(java.base@21.0.5/ThreadPoolExecutor.java:1070)
	at java.util.concurrent.ThreadPoolExecutor.runWorker(java.base@21.0.5/ThreadPoolExecutor.java:1130)
	at java.util.concurrent.ThreadPoolExecutor$Worker.run(java.base@21.0.5/ThreadPoolExecutor.java:642)
	at java.lang.Thread.runWith(java.base@21.0.5/Thread.java:1596)
	at java.lang.Thread.run(java.base@21.0.5/Thread.java:1583)
	at jdk.internal.misc.InnocuousThread.run(java.base@21.0.5/InnocuousThread.java:186)

   Locked ownable synchronizers:
	- None

"parallel-2" #77 [177794] daemon prio=5 os_prio=0 cpu=0.71ms elapsed=453.13s tid=0x00007854d064bd20 nid=177794 waiting on condition  [0x00007854a4419000]
   java.lang.Thread.State: WAITING (parking)
	at jdk.internal.misc.Unsafe.park(java.base@21.0.5/Native Method)
	- parking to wait for  <0x000000070709ad68> (a java.util.concurrent.locks.AbstractQueuedSynchronizer$ConditionObject)
	at java.util.concurrent.locks.LockSupport.park(java.base@21.0.5/LockSupport.java:371)
	at java.util.concurrent.locks.AbstractQueuedSynchronizer$ConditionNode.block(java.base@21.0.5/AbstractQueuedSynchronizer.java:519)
	at java.util.concurrent.ForkJoinPool.unmanagedBlock(java.base@21.0.5/ForkJoinPool.java:3780)
	at java.util.concurrent.ForkJoinPool.managedBlock(java.base@21.0.5/ForkJoinPool.java:3725)
	at java.util.concurrent.locks.AbstractQueuedSynchronizer$ConditionObject.await(java.base@21.0.5/AbstractQueuedSynchronizer.java:1712)
	at java.util.concurrent.ScheduledThreadPoolExecutor$DelayedWorkQueue.take(java.base@21.0.5/ScheduledThreadPoolExecutor.java:1170)
	at java.util.concurrent.ScheduledThreadPoolExecutor$DelayedWorkQueue.take(java.base@21.0.5/ScheduledThreadPoolExecutor.java:899)
	at java.util.concurrent.ThreadPoolExecutor.getTask(java.base@21.0.5/ThreadPoolExecutor.java:1070)
	at java.util.concurrent.ThreadPoolExecutor.runWorker(java.base@21.0.5/ThreadPoolExecutor.java:1130)
	at java.util.concurrent.ThreadPoolExecutor$Worker.run(java.base@21.0.5/ThreadPoolExecutor.java:642)
	at java.lang.Thread.runWith(java.base@21.0.5/Thread.java:1596)
	at java.lang.Thread.run(java.base@21.0.5/Thread.java:1583)

   Locked ownable synchronizers:
	- None

"DestroyJavaVM" #78 [177761] prio=5 os_prio=0 cpu=756.08ms elapsed=452.13s tid=0x00007854d0018fc0 nid=177761 waiting on condition  [0x0000000000000000]
   java.lang.Thread.State: RUNNABLE

   Locked ownable synchronizers:
	- None

"Attach Listener" #79 [177834] daemon prio=9 os_prio=0 cpu=0.99ms elapsed=438.56s tid=0x000078543c000fe0 nid=177834 waiting on condition  [0x0000000000000000]
   java.lang.Thread.State: RUNNABLE

   Locked ownable synchronizers:
	- None

"GC Thread#3" os_prio=0 cpu=34.00ms elapsed=454.40s tid=0x000078544c008100 nid=177782 runnable  

"GC Thread#2" os_prio=0 cpu=27.93ms elapsed=454.40s tid=0x000078544c0075f0 nid=177781 runnable  

"GC Thread#1" os_prio=0 cpu=24.85ms elapsed=454.40s tid=0x000078544c006b90 nid=177780 runnable  

"VM Thread" os_prio=0 cpu=57.38ms elapsed=454.86s tid=0x00007854d0141cd0 nid=177768 runnable  

"VM Periodic Task Thread" os_prio=0 cpu=367.26ms elapsed=454.86s tid=0x00007854d01303d0 nid=177767 waiting on condition  

"G1 Service" os_prio=0 cpu=19.28ms elapsed=454.87s tid=0x00007854d0116240 nid=177766 runnable  

"G1 Refine#0" os_prio=0 cpu=0.07ms elapsed=454.87s tid=0x00007854d0115290 nid=177765 runnable  

"G1 Conc#0" os_prio=0 cpu=9.56ms elapsed=454.88s tid=0x00007854d0092380 nid=177764 runnable  

"G1 Main Marker" os_prio=0 cpu=0.21ms elapsed=454.88s tid=0x00007854d00913e0 nid=177763 runnable  

"GC Thread#0" os_prio=0 cpu=21.98ms elapsed=454.88s tid=0x00007854d00804f0 nid=177762 runnable  

JNI global refs: 16, weak refs: 0

